  sample.cpp
c:\users\stewa_000\desktop\cs491\proj4\bouncewrapper2017new\glui.h(758): warning C4244: 'argument': conversion from 'double' to 'GLfloat', possible loss of data
c:\users\stewa_000\desktop\cs491\proj4\bouncewrapper2017new\sample.cpp(261): warning C4244: 'initializing': conversion from 'double' to 'float', possible loss of data
c:\users\stewa_000\desktop\cs491\proj4\bouncewrapper2017new\sample.cpp(283): warning C4244: '=': conversion from 'double' to 'float', possible loss of data
c:\users\stewa_000\desktop\cs491\proj4\bouncewrapper2017new\sample.cpp(284): warning C4244: '=': conversion from 'double' to 'float', possible loss of data
c:\users\stewa_000\desktop\cs491\proj4\bouncewrapper2017new\sample.cpp(358): warning C4244: '=': conversion from 'double' to 'GLfloat', possible loss of data
c:\users\stewa_000\desktop\cs491\proj4\bouncewrapper2017new\sample.cpp(427): warning C4244: '=': conversion from 'double' to 'float', possible loss of data
c:\users\stewa_000\desktop\cs491\proj4\bouncewrapper2017new\sample.cpp(501): warning C4305: 'argument': truncation from 'double' to 'float'
c:\users\stewa_000\desktop\cs491\proj4\bouncewrapper2017new\sample.cpp(643): warning C4244: 'initializing': conversion from 'double' to 'float', possible loss of data
c:\users\stewa_000\desktop\cs491\proj4\bouncewrapper2017new\sample.cpp(648): warning C4244: 'argument': conversion from 'double' to 'GLfloat', possible loss of data
c:\users\stewa_000\desktop\cs491\proj4\bouncewrapper2017new\sample.cpp(979): warning C4244: '=': conversion from 'double' to 'float', possible loss of data
c:\users\stewa_000\desktop\cs491\proj4\bouncewrapper2017new\sample.cpp(980): warning C4244: '=': conversion from 'double' to 'float', possible loss of data
c:\users\stewa_000\desktop\cs491\proj4\bouncewrapper2017new\sample.cpp(1055): warning C4244: '=': conversion from 'double' to 'float', possible loss of data
c:\users\stewa_000\desktop\cs491\proj4\bouncewrapper2017new\sample.cpp(1083): warning C4244: '=': conversion from 'double' to 'float', possible loss of data
c:\users\stewa_000\desktop\cs491\proj4\bouncewrapper2017new\sample.cpp(1085): warning C4244: '=': conversion from 'double' to 'float', possible loss of data
c:\users\stewa_000\desktop\cs491\proj4\bouncewrapper2017new\sample.cpp(1086): warning C4244: '=': conversion from 'double' to 'float', possible loss of data
c:\users\stewa_000\desktop\cs491\proj4\bouncewrapper2017new\sample.cpp(1087): warning C4244: '=': conversion from 'double' to 'float', possible loss of data
c:\users\stewa_000\desktop\cs491\proj4\bouncewrapper2017new\sample.cpp(1149): warning C4244: 'initializing': conversion from 'double' to 'float', possible loss of data
c:\users\stewa_000\desktop\cs491\proj4\bouncewrapper2017new\sample.cpp(1154): warning C4244: 'initializing': conversion from 'double' to 'float', possible loss of data
c:\users\stewa_000\desktop\cs491\proj4\bouncewrapper2017new\sample.cpp(1163): warning C4244: 'initializing': conversion from 'double' to 'float', possible loss of data
c:\users\stewa_000\desktop\cs491\proj4\bouncewrapper2017new\sample.cpp(1184): warning C4244: '=': conversion from 'double' to 'float', possible loss of data
c:\users\stewa_000\desktop\cs491\proj4\bouncewrapper2017new\sample.cpp(1268): warning C4244: '=': conversion from 'double' to 'float', possible loss of data
c:\users\stewa_000\desktop\cs491\proj4\bouncewrapper2017new\sample.cpp(1269): warning C4244: '=': conversion from 'double' to 'float', possible loss of data
c:\users\stewa_000\desktop\cs491\proj4\bouncewrapper2017new\sample.cpp(1274): warning C4244: '=': conversion from 'double' to 'float', possible loss of data
c:\users\stewa_000\desktop\cs491\proj4\bouncewrapper2017new\sample.cpp(1283): warning C4244: '=': conversion from 'double' to 'float', possible loss of data
c:\users\stewa_000\desktop\cs491\proj4\bouncewrapper2017new\sample.cpp(1401): warning C4244: '=': conversion from 'double' to 'float', possible loss of data
c:\users\stewa_000\desktop\cs491\proj4\bouncewrapper2017new\sample.cpp(1402): warning C4244: '=': conversion from 'double' to 'float', possible loss of data
sample.obj : warning LNK4075: ignoring '/EDITANDCONTINUE' due to '/INCREMENTAL:NO' specification
  Sample.vcxproj -> C:\Users\stewa_000\Desktop\CS491\Proj4\BounceWrapper2017New\.\Debug\Sample.exe
